<?xml version="1.0" encoding="UTF-8"?>
<!-- Generated by org.testng.reporters.JUnitReportReporter -->
<testsuite hostname="LAPTOP-5TIT49CS" failures="0" tests="2" name="TestRunner.RunCucumberTest" time="21.283" errors="0" timestamp="21 Sep 2024 02:25:02 GMT" skipped="0">
  <testcase classname="TestRunner.RunCucumberTest" name="runScenario" time="4.606"/>
  <testcase classname="TestRunner.RunCucumberTest" name="runScenario" time="16.677"/>
</testsuite> <!-- TestRunner.RunCucumberTest -->
